0 info it worked if it ends with ok
1 verbose cli [ '/usr/bin/node', '/usr/bin/npm', 'install' ]
2 info using npm@3.5.2
3 info using node@v8.10.0
4 silly loadCurrentTree Starting
5 silly install loadCurrentTree
6 silly install readLocalPackageData
7 silly install normalizeTree
8 silly loadCurrentTree Finishing
9 silly loadIdealTree Starting
10 silly install loadIdealTree
11 silly cloneCurrentTree Starting
12 silly install cloneCurrentTreeToIdealTree
13 silly cloneCurrentTree Finishing
14 silly loadShrinkwrap Starting
15 silly install loadShrinkwrap
16 silly loadShrinkwrap Finishing
17 silly loadAllDepsIntoIdealTree Starting
18 silly install loadAllDepsIntoIdealTree
19 silly fetchNamedPackageData @material-ui/core
20 silly mapToRegistry name @material-ui/core
21 silly mapToRegistry scope (from package name) @material-ui
22 verbose mapToRegistry no registry URL found in name for scope @material-ui
23 silly mapToRegistry using default registry
24 silly mapToRegistry registry https://registry.npmjs.org/
25 silly mapToRegistry uri https://registry.npmjs.org/@material-ui%2fcore
26 silly fetchNamedPackageData chart.js
27 silly mapToRegistry name chart.js
28 silly mapToRegistry using default registry
29 silly mapToRegistry registry https://registry.npmjs.org/
30 silly mapToRegistry uri https://registry.npmjs.org/chart.js
31 silly fetchNamedPackageData cors
32 silly mapToRegistry name cors
33 silly mapToRegistry using default registry
34 silly mapToRegistry registry https://registry.npmjs.org/
35 silly mapToRegistry uri https://registry.npmjs.org/cors
36 silly fetchNamedPackageData react-chartjs-2
37 silly mapToRegistry name react-chartjs-2
38 silly mapToRegistry using default registry
39 silly mapToRegistry registry https://registry.npmjs.org/
40 silly mapToRegistry uri https://registry.npmjs.org/react-chartjs-2
41 silly fetchNamedPackageData react-google-charts
42 silly mapToRegistry name react-google-charts
43 silly mapToRegistry using default registry
44 silly mapToRegistry registry https://registry.npmjs.org/
45 silly mapToRegistry uri https://registry.npmjs.org/react-google-charts
46 verbose request uri https://registry.npmjs.org/@material-ui%2fcore
47 verbose request no auth needed
48 info attempt registry request try #1 at 11:53:56 PM
49 verbose request id e30202b2f11fa306
50 http request GET https://registry.npmjs.org/@material-ui%2fcore
51 verbose request uri https://registry.npmjs.org/cors
52 verbose request no auth needed
53 info attempt registry request try #1 at 11:53:56 PM
54 http request GET https://registry.npmjs.org/cors
55 verbose request uri https://registry.npmjs.org/chart.js
56 verbose request no auth needed
57 info attempt registry request try #1 at 11:53:56 PM
58 verbose etag W/"6ea8ba53c9241fcb52439affcfde2b9d"
59 verbose lastModified Thu, 14 Mar 2019 13:08:38 GMT
60 http request GET https://registry.npmjs.org/chart.js
61 verbose request uri https://registry.npmjs.org/react-chartjs-2
62 verbose request no auth needed
63 info attempt registry request try #1 at 11:53:57 PM
64 verbose etag W/"8aa3721aa746882f66f637372a2fcebc"
65 verbose lastModified Fri, 20 Sep 2019 13:18:17 GMT
66 http request GET https://registry.npmjs.org/react-chartjs-2
67 verbose request uri https://registry.npmjs.org/react-google-charts
68 verbose request no auth needed
69 info attempt registry request try #1 at 11:53:57 PM
70 verbose etag W/"990280b36c2e1bf205e92a363d14d924"
71 verbose lastModified Fri, 30 Aug 2019 16:03:47 GMT
72 http request GET https://registry.npmjs.org/react-google-charts
73 http 304 https://registry.npmjs.org/chart.js
74 verbose headers { date: 'Tue, 22 Oct 2019 18:23:57 GMT',
74 verbose headers   connection: 'keep-alive',
74 verbose headers   'set-cookie':
74 verbose headers    [ '__cfduid=dd578b135956af3cc5838519d53da91dd1571768637; expires=Wed, 21-Oct-20 18:23:57 GMT; path=/; domain=.npmjs.org; HttpOnly' ],
74 verbose headers   'cf-cache-status': 'HIT',
74 verbose headers   'cache-control': 'max-age=300',
74 verbose headers   'cf-ray': '529d815ede55de92-BLR',
74 verbose headers   age: '1703',
74 verbose headers   etag: '"6ea8ba53c9241fcb52439affcfde2b9d"',
74 verbose headers   'expect-ct': 'max-age=604800, report-uri="https://report-uri.cloudflare.com/cdn-cgi/beacon/expect-ct"',
74 verbose headers   'last-modified': 'Thu, 14 Mar 2019 13:08:38 GMT',
74 verbose headers   vary: 'accept-encoding, accept',
74 verbose headers   'x-amz-meta-rev': '110-4136cdbe1e45795fc75368ce0fa36c73',
74 verbose headers   server: 'cloudflare' }
75 silly get cb [ 304,
75 silly get   { date: 'Tue, 22 Oct 2019 18:23:57 GMT',
75 silly get     connection: 'keep-alive',
75 silly get     'set-cookie':
75 silly get      [ '__cfduid=dd578b135956af3cc5838519d53da91dd1571768637; expires=Wed, 21-Oct-20 18:23:57 GMT; path=/; domain=.npmjs.org; HttpOnly' ],
75 silly get     'cf-cache-status': 'HIT',
75 silly get     'cache-control': 'max-age=300',
75 silly get     'cf-ray': '529d815ede55de92-BLR',
75 silly get     age: '1703',
75 silly get     etag: '"6ea8ba53c9241fcb52439affcfde2b9d"',
75 silly get     'expect-ct': 'max-age=604800, report-uri="https://report-uri.cloudflare.com/cdn-cgi/beacon/expect-ct"',
75 silly get     'last-modified': 'Thu, 14 Mar 2019 13:08:38 GMT',
75 silly get     vary: 'accept-encoding, accept',
75 silly get     'x-amz-meta-rev': '110-4136cdbe1e45795fc75368ce0fa36c73',
75 silly get     server: 'cloudflare' } ]
76 verbose etag https://registry.npmjs.org/chart.js from cache
77 verbose get saving chart.js to /home/tennyson/.npm/registry.npmjs.org/chart.js/.cache.json
78 http 304 https://registry.npmjs.org/react-chartjs-2
79 verbose headers { date: 'Tue, 22 Oct 2019 18:23:57 GMT',
79 verbose headers   connection: 'keep-alive',
79 verbose headers   'set-cookie':
79 verbose headers    [ '__cfduid=dd578b135956af3cc5838519d53da91dd1571768637; expires=Wed, 21-Oct-20 18:23:57 GMT; path=/; domain=.npmjs.org; HttpOnly' ],
79 verbose headers   'cf-cache-status': 'HIT',
79 verbose headers   'cache-control': 'max-age=300',
79 verbose headers   'cf-ray': '529d815ede54de92-BLR',
79 verbose headers   age: '383',
79 verbose headers   etag: '"8aa3721aa746882f66f637372a2fcebc"',
79 verbose headers   'expect-ct': 'max-age=604800, report-uri="https://report-uri.cloudflare.com/cdn-cgi/beacon/expect-ct"',
79 verbose headers   'last-modified': 'Fri, 20 Sep 2019 13:18:17 GMT',
79 verbose headers   vary: 'accept-encoding, accept',
79 verbose headers   'x-amz-meta-rev': '70-cc2f34da69273cddb103e0ebc2ef2d86',
79 verbose headers   server: 'cloudflare' }
80 silly get cb [ 304,
80 silly get   { date: 'Tue, 22 Oct 2019 18:23:57 GMT',
80 silly get     connection: 'keep-alive',
80 silly get     'set-cookie':
80 silly get      [ '__cfduid=dd578b135956af3cc5838519d53da91dd1571768637; expires=Wed, 21-Oct-20 18:23:57 GMT; path=/; domain=.npmjs.org; HttpOnly' ],
80 silly get     'cf-cache-status': 'HIT',
80 silly get     'cache-control': 'max-age=300',
80 silly get     'cf-ray': '529d815ede54de92-BLR',
80 silly get     age: '383',
80 silly get     etag: '"8aa3721aa746882f66f637372a2fcebc"',
80 silly get     'expect-ct': 'max-age=604800, report-uri="https://report-uri.cloudflare.com/cdn-cgi/beacon/expect-ct"',
80 silly get     'last-modified': 'Fri, 20 Sep 2019 13:18:17 GMT',
80 silly get     vary: 'accept-encoding, accept',
80 silly get     'x-amz-meta-rev': '70-cc2f34da69273cddb103e0ebc2ef2d86',
80 silly get     server: 'cloudflare' } ]
81 verbose etag https://registry.npmjs.org/react-chartjs-2 from cache
82 verbose get saving react-chartjs-2 to /home/tennyson/.npm/registry.npmjs.org/react-chartjs-2/.cache.json
83 http 304 https://registry.npmjs.org/react-google-charts
84 verbose headers { date: 'Tue, 22 Oct 2019 18:23:57 GMT',
84 verbose headers   connection: 'keep-alive',
84 verbose headers   'set-cookie':
84 verbose headers    [ '__cfduid=d88aeef67ee5fbbf4b3fdfce025d6caaf1571768637; expires=Wed, 21-Oct-20 18:23:57 GMT; path=/; domain=.npmjs.org; HttpOnly' ],
84 verbose headers   'cf-cache-status': 'HIT',
84 verbose headers   'cache-control': 'max-age=300',
84 verbose headers   'cf-ray': '529d815ef804deaa-BLR',
84 verbose headers   age: '3802',
84 verbose headers   etag: '"990280b36c2e1bf205e92a363d14d924"',
84 verbose headers   'expect-ct': 'max-age=604800, report-uri="https://report-uri.cloudflare.com/cdn-cgi/beacon/expect-ct"',
84 verbose headers   'last-modified': 'Fri, 30 Aug 2019 16:03:47 GMT',
84 verbose headers   vary: 'accept-encoding, accept',
84 verbose headers   'x-amz-meta-rev': '89-f49e81bf3a2941eba3d13d6093621c6f',
84 verbose headers   server: 'cloudflare' }
85 silly get cb [ 304,
85 silly get   { date: 'Tue, 22 Oct 2019 18:23:57 GMT',
85 silly get     connection: 'keep-alive',
85 silly get     'set-cookie':
85 silly get      [ '__cfduid=d88aeef67ee5fbbf4b3fdfce025d6caaf1571768637; expires=Wed, 21-Oct-20 18:23:57 GMT; path=/; domain=.npmjs.org; HttpOnly' ],
85 silly get     'cf-cache-status': 'HIT',
85 silly get     'cache-control': 'max-age=300',
85 silly get     'cf-ray': '529d815ef804deaa-BLR',
85 silly get     age: '3802',
85 silly get     etag: '"990280b36c2e1bf205e92a363d14d924"',
85 silly get     'expect-ct': 'max-age=604800, report-uri="https://report-uri.cloudflare.com/cdn-cgi/beacon/expect-ct"',
85 silly get     'last-modified': 'Fri, 30 Aug 2019 16:03:47 GMT',
85 silly get     vary: 'accept-encoding, accept',
85 silly get     'x-amz-meta-rev': '89-f49e81bf3a2941eba3d13d6093621c6f',
85 silly get     server: 'cloudflare' } ]
86 verbose etag https://registry.npmjs.org/react-google-charts from cache
87 verbose get saving react-google-charts to /home/tennyson/.npm/registry.npmjs.org/react-google-charts/.cache.json
88 http 200 https://registry.npmjs.org/cors
89 verbose headers { date: 'Tue, 22 Oct 2019 18:23:57 GMT',
89 verbose headers   'content-type': 'application/json',
89 verbose headers   'transfer-encoding': 'chunked',
89 verbose headers   connection: 'keep-alive',
89 verbose headers   'set-cookie':
89 verbose headers    [ '__cfduid=d4dc0559c4a8a06648d02154af97380b51571768637; expires=Wed, 21-Oct-20 18:23:57 GMT; path=/; domain=.npmjs.org; HttpOnly' ],
89 verbose headers   'cf-cache-status': 'HIT',
89 verbose headers   'cache-control': 'max-age=300',
89 verbose headers   'cf-ray': '529d815edd85de96-BLR',
89 verbose headers   age: '3795',
89 verbose headers   etag: 'W/"54f8fa1c505f3f8196a71e8ee08b39ef"',
89 verbose headers   'expect-ct': 'max-age=604800, report-uri="https://report-uri.cloudflare.com/cdn-cgi/beacon/expect-ct"',
89 verbose headers   'last-modified': 'Fri, 23 Aug 2019 06:24:09 GMT',
89 verbose headers   vary: 'accept-encoding, accept',
89 verbose headers   'x-amz-meta-rev': '364-661aca25063f2a877d454bf8b70c57f6',
89 verbose headers   server: 'cloudflare',
89 verbose headers   'content-encoding': 'gzip' }
90 silly get cb [ 200,
90 silly get   { date: 'Tue, 22 Oct 2019 18:23:57 GMT',
90 silly get     'content-type': 'application/json',
90 silly get     'transfer-encoding': 'chunked',
90 silly get     connection: 'keep-alive',
90 silly get     'set-cookie':
90 silly get      [ '__cfduid=d4dc0559c4a8a06648d02154af97380b51571768637; expires=Wed, 21-Oct-20 18:23:57 GMT; path=/; domain=.npmjs.org; HttpOnly' ],
90 silly get     'cf-cache-status': 'HIT',
90 silly get     'cache-control': 'max-age=300',
90 silly get     'cf-ray': '529d815edd85de96-BLR',
90 silly get     age: '3795',
90 silly get     etag: 'W/"54f8fa1c505f3f8196a71e8ee08b39ef"',
90 silly get     'expect-ct': 'max-age=604800, report-uri="https://report-uri.cloudflare.com/cdn-cgi/beacon/expect-ct"',
90 silly get     'last-modified': 'Fri, 23 Aug 2019 06:24:09 GMT',
90 silly get     vary: 'accept-encoding, accept',
90 silly get     'x-amz-meta-rev': '364-661aca25063f2a877d454bf8b70c57f6',
90 silly get     server: 'cloudflare',
90 silly get     'content-encoding': 'gzip' } ]
91 verbose get saving cors to /home/tennyson/.npm/registry.npmjs.org/cors/.cache.json
92 silly resolveWithNewModule chart.js@2.8.0 checking installable status
93 silly cache add args [ 'chart.js@^2.8.0', null ]
94 verbose cache add spec chart.js@^2.8.0
95 silly cache add parsed spec Result {
95 silly cache add   raw: 'chart.js@^2.8.0',
95 silly cache add   scope: null,
95 silly cache add   name: 'chart.js',
95 silly cache add   rawSpec: '^2.8.0',
95 silly cache add   spec: '>=2.8.0 <3.0.0',
95 silly cache add   type: 'range' }
96 silly addNamed chart.js@>=2.8.0 <3.0.0
97 verbose addNamed ">=2.8.0 <3.0.0" is a valid semver range for chart.js
98 silly addNameRange { name: 'chart.js', range: '>=2.8.0 <3.0.0', hasData: false }
99 silly mapToRegistry name chart.js
100 silly mapToRegistry using default registry
101 silly mapToRegistry registry https://registry.npmjs.org/
102 silly mapToRegistry uri https://registry.npmjs.org/chart.js
103 verbose addNameRange registry:https://registry.npmjs.org/chart.js not in flight; fetching
104 silly resolveWithNewModule react-chartjs-2@2.8.0 checking installable status
105 silly cache add args [ 'react-chartjs-2@^2.8.0', null ]
106 verbose cache add spec react-chartjs-2@^2.8.0
107 silly cache add parsed spec Result {
107 silly cache add   raw: 'react-chartjs-2@^2.8.0',
107 silly cache add   scope: null,
107 silly cache add   name: 'react-chartjs-2',
107 silly cache add   rawSpec: '^2.8.0',
107 silly cache add   spec: '>=2.8.0 <3.0.0',
107 silly cache add   type: 'range' }
108 silly addNamed react-chartjs-2@>=2.8.0 <3.0.0
109 verbose addNamed ">=2.8.0 <3.0.0" is a valid semver range for react-chartjs-2
110 silly addNameRange { name: 'react-chartjs-2',
110 silly addNameRange   range: '>=2.8.0 <3.0.0',
110 silly addNameRange   hasData: false }
111 silly mapToRegistry name react-chartjs-2
112 silly mapToRegistry using default registry
113 silly mapToRegistry registry https://registry.npmjs.org/
114 silly mapToRegistry uri https://registry.npmjs.org/react-chartjs-2
115 verbose addNameRange registry:https://registry.npmjs.org/react-chartjs-2 not in flight; fetching
116 verbose get https://registry.npmjs.org/chart.js not expired, no request
117 silly addNameRange number 2 { name: 'chart.js', range: '>=2.8.0 <3.0.0', hasData: true }
118 silly addNameRange versions [ 'chart.js',
118 silly addNameRange   [ '1.0.1-beta.2',
118 silly addNameRange     '1.0.1',
118 silly addNameRange     '1.0.2',
118 silly addNameRange     '1.1.0',
118 silly addNameRange     '1.1.1',
118 silly addNameRange     '2.0.0',
118 silly addNameRange     '2.0.1',
118 silly addNameRange     '2.0.2',
118 silly addNameRange     '2.1.0',
118 silly addNameRange     '2.1.1',
118 silly addNameRange     '2.1.2',
118 silly addNameRange     '2.1.3',
118 silly addNameRange     '2.1.4',
118 silly addNameRange     '2.1.5',
118 silly addNameRange     '2.1.6',
118 silly addNameRange     '2.2.0-rc.1',
118 silly addNameRange     '2.2.0-rc.2',
118 silly addNameRange     '2.2.0',
118 silly addNameRange     '2.2.1',
118 silly addNameRange     '2.2.2',
118 silly addNameRange     '2.3.0-rc.1',
118 silly addNameRange     '2.3.0',
118 silly addNameRange     '2.4.0',
118 silly addNameRange     '2.5.0',
118 silly addNameRange     '2.6.0',
118 silly addNameRange     '2.7.0',
118 silly addNameRange     '2.7.1',
118 silly addNameRange     '2.7.2',
118 silly addNameRange     '2.7.3',
118 silly addNameRange     '2.8.0-rc.1',
118 silly addNameRange     '2.8.0' ] ]
119 silly addNamed chart.js@2.8.0
120 verbose addNamed "2.8.0" is a plain semver version for chart.js
121 verbose get https://registry.npmjs.org/react-chartjs-2 not expired, no request
122 silly addNameRange number 2 { name: 'react-chartjs-2',
122 silly addNameRange   range: '>=2.8.0 <3.0.0',
122 silly addNameRange   hasData: true }
123 silly addNameRange versions [ 'react-chartjs-2',
123 silly addNameRange   [ '1.0.0',
123 silly addNameRange     '1.1.0',
123 silly addNameRange     '1.1.1',
123 silly addNameRange     '1.1.2',
123 silly addNameRange     '1.1.3',
123 silly addNameRange     '1.1.4',
123 silly addNameRange     '1.1.5',
123 silly addNameRange     '1.1.6',
123 silly addNameRange     '1.1.7',
123 silly addNameRange     '1.2.0',
123 silly addNameRange     '1.2.1',
123 silly addNameRange     '1.2.2',
123 silly addNameRange     '1.2.3',
123 silly addNameRange     '1.2.4',
123 silly addNameRange     '1.2.5',
123 silly addNameRange     '1.2.6',
123 silly addNameRange     '1.2.7',
123 silly addNameRange     '1.2.8',
123 silly addNameRange     '1.2.9',
123 silly addNameRange     '1.3.0',
123 silly addNameRange     '1.4.0',
123 silly addNameRange     '1.4.1',
123 silly addNameRange     '1.5.0',
123 silly addNameRange     '1.5.1',
123 silly addNameRange     '1.5.2',
123 silly addNameRange     '1.5.3',
123 silly addNameRange     '1.5.4',
123 silly addNameRange     '1.5.5',
123 silly addNameRange     '1.5.6',
123 silly addNameRange     '1.6.0',
123 silly addNameRange     '1.6.1',
123 silly addNameRange     '1.6.2',
123 silly addNameRange     '2.0.0',
123 silly addNameRange     '2.0.5',
123 silly addNameRange     '2.1.0',
123 silly addNameRange     '2.3.0',
123 silly addNameRange     '2.4.0',
123 silly addNameRange     '2.4.1',
123 silly addNameRange     '2.5.0',
123 silly addNameRange     '2.5.1',
123 silly addNameRange     '2.5.2',
123 silly addNameRange     '2.5.3',
123 silly addNameRange     '2.5.4',
123 silly addNameRange     '2.5.5',
123 silly addNameRange     '2.5.6',
123 silly addNameRange     '2.5.7',
123 silly addNameRange     '2.5.8',
123 silly addNameRange     '2.6.0',
123 silly addNameRange     '2.6.1',
123 silly addNameRange     '2.6.2',
123 silly addNameRange     '2.6.4',
123 silly addNameRange     '2.7.0',
123 silly addNameRange     '2.7.1',
123 silly addNameRange     '2.7.2',
123 silly addNameRange     '2.7.3',
123 silly addNameRange     '2.7.4',
123 silly addNameRange     '2.7.5',
123 silly addNameRange     '2.7.6',
123 silly addNameRange     '2.8.0' ] ]
124 silly addNamed react-chartjs-2@2.8.0
125 verbose addNamed "2.8.0" is a plain semver version for react-chartjs-2
126 verbose stack Error: Missing required argument #1
126 verbose stack     at andLogAndFinish (/usr/share/npm/lib/fetch-package-metadata.js:31:3)
126 verbose stack     at fetchPackageMetadata (/usr/share/npm/lib/fetch-package-metadata.js:51:22)
126 verbose stack     at resolveWithNewModule (/usr/share/npm/lib/install/deps.js:456:12)
126 verbose stack     at /usr/share/npm/lib/install/deps.js:457:7
126 verbose stack     at /usr/share/npm/node_modules/iferr/index.js:13:50
126 verbose stack     at /usr/share/npm/lib/fetch-package-metadata.js:37:12
126 verbose stack     at addRequestedAndFinish (/usr/share/npm/lib/fetch-package-metadata.js:82:5)
126 verbose stack     at returnAndAddMetadata (/usr/share/npm/lib/fetch-package-metadata.js:117:7)
126 verbose stack     at pickVersionFromRegistryDocument (/usr/share/npm/lib/fetch-package-metadata.js:134:20)
126 verbose stack     at /usr/share/npm/node_modules/iferr/index.js:13:50
127 verbose cwd /home/tennyson/Desktop/intern
128 error Linux 4.15.0-66-generic
129 error argv "/usr/bin/node" "/usr/bin/npm" "install"
130 error node v8.10.0
131 error npm  v3.5.2
132 error code EMISSINGARG
133 error typeerror Error: Missing required argument #1
133 error typeerror     at andLogAndFinish (/usr/share/npm/lib/fetch-package-metadata.js:31:3)
133 error typeerror     at fetchPackageMetadata (/usr/share/npm/lib/fetch-package-metadata.js:51:22)
133 error typeerror     at resolveWithNewModule (/usr/share/npm/lib/install/deps.js:456:12)
133 error typeerror     at /usr/share/npm/lib/install/deps.js:457:7
133 error typeerror     at /usr/share/npm/node_modules/iferr/index.js:13:50
133 error typeerror     at /usr/share/npm/lib/fetch-package-metadata.js:37:12
133 error typeerror     at addRequestedAndFinish (/usr/share/npm/lib/fetch-package-metadata.js:82:5)
133 error typeerror     at returnAndAddMetadata (/usr/share/npm/lib/fetch-package-metadata.js:117:7)
133 error typeerror     at pickVersionFromRegistryDocument (/usr/share/npm/lib/fetch-package-metadata.js:134:20)
133 error typeerror     at /usr/share/npm/node_modules/iferr/index.js:13:50
134 error typeerror This is an error with npm itself. Please report this error at:
134 error typeerror     <http://github.com/npm/npm/issues>
135 verbose exit [ 1, true ]
